<?xml version="1.0" encoding="UTF-8"?>
<!-- Generated by org.testng.reporters.JUnitXMLReporter -->
<testsuite ignored="0" hostname="LAPTOP-F8RQ9UA5" failures="0" tests="3" name="Default test" time="3.027" errors="0" timestamp="2021-12-20T18:39:19 GMT">
  <testcase classname="myFiles.DynamicJson" name="addBook" time="2.065"/>
  <testcase classname="myFiles.DynamicJson" name="addBook" time="0.469"/>
  <testcase classname="myFiles.DynamicJson" name="addBook" time="0.461"/>
</testsuite> <!-- Default test -->
