<?xml version="1.0" encoding="UTF-8"?>
<testng-results ignored="0" total="3" passed="3" failed="0" skipped="0">
  <reporter-output>
  </reporter-output>
  <suite started-at="2021-12-20T18:39:16 GMT" name="Default suite" finished-at="2021-12-20T18:39:19 GMT" duration-ms="3027">
    <groups>
    </groups>
    <test started-at="2021-12-20T18:39:16 GMT" name="Default test" finished-at="2021-12-20T18:39:19 GMT" duration-ms="3027">
      <class name="myFiles.DynamicJson">
        <test-method signature="addBook(java.lang.String,java.lang.String)[pri:0, instance:myFiles.DynamicJson@48974e45]" started-at="2021-12-20T18:39:16 GMT" name="addBook" data-provider="BookData" finished-at="2021-12-20T18:39:18 GMT" duration-ms="2065" status="PASS">
          <params>
            <param index="0">
              <value>
                <![CDATA[uhuu]]>
              </value>
            </param>
            <param index="1">
              <value>
                <![CDATA[3432]]>
              </value>
            </param>
          </params>
          <reporter-output>
          </reporter-output>
        </test-method> <!-- addBook -->
        <test-method signature="addBook(java.lang.String,java.lang.String)[pri:0, instance:myFiles.DynamicJson@48974e45]" started-at="2021-12-20T18:39:18 GMT" name="addBook" data-provider="BookData" finished-at="2021-12-20T18:39:19 GMT" duration-ms="469" status="PASS">
          <params>
            <param index="0">
              <value>
                <![CDATA[rtre]]>
              </value>
            </param>
            <param index="1">
              <value>
                <![CDATA[4543]]>
              </value>
            </param>
          </params>
          <reporter-output>
          </reporter-output>
        </test-method> <!-- addBook -->
        <test-method signature="addBook(java.lang.String,java.lang.String)[pri:0, instance:myFiles.DynamicJson@48974e45]" started-at="2021-12-20T18:39:19 GMT" name="addBook" data-provider="BookData" finished-at="2021-12-20T18:39:19 GMT" duration-ms="461" status="PASS">
          <params>
            <param index="0">
              <value>
                <![CDATA[yutr]]>
              </value>
            </param>
            <param index="1">
              <value>
                <![CDATA[5654]]>
              </value>
            </param>
          </params>
          <reporter-output>
          </reporter-output>
        </test-method> <!-- addBook -->
      </class> <!-- myFiles.DynamicJson -->
    </test> <!-- Default test -->
  </suite> <!-- Default suite -->
</testng-results>
